<?xml version="1.0" encoding="UTF-8"?>
<beans xmlns="http://www.springframework.org/schema/beans"
	xmlns:xsi="http://www.w3.org/2001/XMLSchema-instance" xmlns:p="http://www.springframework.org/schema/p"
	xsi:schemaLocation="http://www.springframework.org/schema/beans http://www.springframework.org/schema/beans/spring-beans.xsd">
	<!-- source de donnÃ©es HSQLDB -->
	<bean id="dataSource" class="com.mchange.v2.c3p0.ComboPooledDataSource"
		destroy-method="close">
		<property name="driverClass" value="org.hsqldb.jdbcDriver" />
		<property name="jdbcUrl" value="jdbc:hsqldb:mem:myApp" />
		<property name="user" value="sa" />
		<property name="password" value="" />
		<property name="minPoolSize" value="3" />
		<property name="maxPoolSize" value="15" />
		<property name="maxIdleTime" value="5" />
		<!--<property name="idleConnectionTestPeriod" value="10800" /> -->
	</bean>

</beans>