<?xml version='1.0' encoding='UTF-8'?>
<dataset>
	<Book id="1" title="text-0-1" />
	<Book id="2" title="text-0-2" />
	<Book id="3" title="text-0-3" />
</dataset>	
